# JRE version: Java(TM) SE Runtime Environment (10.0.2+13) (build 10.0.2+13)
# Java VM: Java HotSpot(TM) 64-Bit Server VM (10.0.2+13, mixed mode, tiered, compressed oops, g1 gc, windows-amd64)
Heap:
 garbage-first heap   total 1044480K, used 498604K [0x0000000081400000, 0x0000000100000000)
  region size 1024K, 2 young (2048K), 2 survivors (2048K)
 Metaspace       used 10379K, capacity 10556K, committed 10752K, reserved 1058816K
  class space    used 898K, capacity 938K, committed 1024K, reserved 1048576K
GC Heap History (10 events):
Event: 7.893 GC heap before
{Heap before GC invocations=14 (full 0):
 garbage-first heap   total 354304K, used 257967K [0x0000000081400000, 0x0000000100000000)
  region size 1024K, 104 young (106496K), 2 survivors (2048K)
 Metaspace       used 10379K, capacity 10556K, committed 10752K, reserved 1058816K
  class space    used 898K, capacity 938K, committed 1024K, reserved 1048576K
}
Event: 7.896 GC heap after
{Heap after GC invocations=15 (full 0):
 garbage-first heap   total 354304K, used 153519K [0x0000000081400000, 0x0000000100000000)
  region size 1024K, 2 young (2048K), 2 survivors (2048K)
 Metaspace       used 10379K, capacity 10556K, committed 10752K, reserved 1058816K
  class space    used 898K, capacity 938K, committed 1024K, reserved 1048576K
}
Event: 8.852 GC heap before
{Heap before GC invocations=15 (full 0):
 garbage-first heap   total 354304K, used 275375K [0x0000000081400000, 0x0000000100000000)
  region size 1024K, 121 young (123904K), 2 survivors (2048K)
 Metaspace       used 10379K, capacity 10556K, committed 10752K, reserved 1058816K
  class space    used 898K, capacity 938K, committed 1024K, reserved 1048576K
}
Event: 8.855 GC heap after
{Heap after GC invocations=16 (full 0):
 garbage-first heap   total 354304K, used 153519K [0x0000000081400000, 0x0000000100000000)
  region size 1024K, 2 young (2048K), 2 survivors (2048K)
 Metaspace       used 10379K, capacity 10556K, committed 10752K, reserved 1058816K
  class space    used 898K, capacity 938K, committed 1024K, reserved 1048576K
}
Event: 9.393 GC heap before
{Heap before GC invocations=16 (full 0):
 garbage-first heap   total 354304K, used 232367K [0x0000000081400000, 0x0000000100000000)
  region size 1024K, 80 young (81920K), 2 survivors (2048K)
 Metaspace       used 10379K, capacity 10556K, committed 10752K, reserved 1058816K
  class space    used 898K, capacity 938K, committed 1024K, reserved 1048576K
}
Event: 9.396 GC heap after
{Heap after GC invocations=17 (full 0):
 garbage-first heap   total 354304K, used 153519K [0x0000000081400000, 0x0000000100000000)
  region size 1024K, 2 young (2048K), 2 survivors (2048K)
 Metaspace       used 10379K, capacity 10556K, committed 10752K, reserved 1058816K
  class space    used 898K, capacity 938K, committed 1024K, reserved 1048576K
}
Event: 10.550 GC heap before
{Heap before GC invocations=18 (full 0):
 garbage-first heap   total 650240K, used 576431K [0x0000000081400000, 0x0000000100000000)
  region size 1024K, 126 young (129024K), 2 survivors (2048K)
 Metaspace       used 10379K, capacity 10556K, committed 10752K, reserved 1058816K
  class space    used 898K, capacity 938K, committed 1024K, reserved 1048576K
}
Event: 10.553 GC heap after
{Heap after GC invocations=19 (full 0):
 garbage-first heap   total 650240K, used 300975K [0x0000000081400000, 0x0000000100000000)
  region size 1024K, 2 young (2048K), 2 survivors (2048K)
 Metaspace       used 10379K, capacity 10556K, committed 10752K, reserved 1058816K
  class space    used 898K, capacity 938K, committed 1024K, reserved 1048576K
}
Event: 11.576 GC heap before
{Heap before GC invocations=19 (full 0):
 garbage-first heap   total 650240K, used 429999K [0x0000000081400000, 0x0000000100000000)
  region size 1024K, 129 young (132096K), 2 survivors (2048K)
 Metaspace       used 10379K, capacity 10556K, committed 10752K, reserved 1058816K
  class space    used 898K, capacity 938K, committed 1024K, reserved 1048576K
}
Event: 11.579 GC heap after
{Heap after GC invocations=20 (full 0):
 garbage-first heap   total 650240K, used 300972K [0x0000000081400000, 0x0000000100000000)
  region size 1024K, 2 young (2048K), 2 survivors (2048K)
 Metaspace       used 10379K, capacity 10556K, committed 10752K, reserved 1058816K
  class space    used 898K, capacity 938K, committed 1024K, reserved 1048576K
}

