# JRE version: Java(TM) SE Runtime Environment (10.0.2+13) (build 10.0.2+13)
# Java VM: Java HotSpot(TM) 64-Bit Server VM (10.0.2+13, mixed mode, tiered, compressed oops, g1 gc, windows-amd64)
Heap:
 garbage-first heap   total 650240K, used 153475K [0x0000000081400000, 0x0000000100000000)
  region size 1024K, 2 young (2048K), 2 survivors (2048K)
 Metaspace       used 10389K, capacity 10556K, committed 10752K, reserved 1058816K
  class space    used 901K, capacity 938K, committed 1024K, reserved 1048576K
GC Heap History (10 events):
Event: 5.918 GC heap before
{Heap before GC invocations=11 (full 0):
 garbage-first heap   total 205824K, used 149379K [0x0000000081400000, 0x0000000100000000)
  region size 1024K, 71 young (72704K), 2 survivors (2048K)
 Metaspace       used 10389K, capacity 10556K, committed 10752K, reserved 1058816K
  class space    used 901K, capacity 938K, committed 1024K, reserved 1048576K
}
Event: 5.921 GC heap after
{Heap after GC invocations=12 (full 0):
 garbage-first heap   total 205824K, used 79747K [0x0000000081400000, 0x0000000100000000)
  region size 1024K, 2 young (2048K), 2 survivors (2048K)
 Metaspace       used 10389K, capacity 10556K, committed 10752K, reserved 1058816K
  class space    used 901K, capacity 938K, committed 1024K, reserved 1048576K
}
Event: 6.482 GC heap before
{Heap before GC invocations=13 (full 0):
 garbage-first heap   total 354304K, used 305027K [0x0000000081400000, 0x0000000100000000)
  region size 1024K, 77 young (78848K), 2 survivors (2048K)
 Metaspace       used 10389K, capacity 10556K, committed 10752K, reserved 1058816K
  class space    used 901K, capacity 938K, committed 1024K, reserved 1048576K
}
Event: 6.484 GC heap after
{Heap after GC invocations=14 (full 0):
 garbage-first heap   total 354304K, used 153402K [0x0000000081400000, 0x0000000100000000)
  region size 1024K, 2 young (2048K), 2 survivors (2048K)
 Metaspace       used 10389K, capacity 10556K, committed 10752K, reserved 1058816K
  class space    used 901K, capacity 938K, committed 1024K, reserved 1048576K
}
Event: 7.100 GC heap before
{Heap before GC invocations=14 (full 0):
 garbage-first heap   total 354304K, used 255802K [0x0000000081400000, 0x0000000100000000)
  region size 1024K, 102 young (104448K), 2 survivors (2048K)
 Metaspace       used 10389K, capacity 10556K, committed 10752K, reserved 1058816K
  class space    used 901K, capacity 938K, committed 1024K, reserved 1048576K
}
Event: 7.103 GC heap after
{Heap after GC invocations=15 (full 0):
 garbage-first heap   total 354304K, used 153475K [0x0000000081400000, 0x0000000100000000)
  region size 1024K, 2 young (2048K), 2 survivors (2048K)
 Metaspace       used 10389K, capacity 10556K, committed 10752K, reserved 1058816K
  class space    used 901K, capacity 938K, committed 1024K, reserved 1048576K
}
Event: 7.793 GC heap before
{Heap before GC invocations=15 (full 0):
 garbage-first heap   total 354304K, used 273283K [0x0000000081400000, 0x0000000100000000)
  region size 1024K, 119 young (121856K), 2 survivors (2048K)
 Metaspace       used 10389K, capacity 10556K, committed 10752K, reserved 1058816K
  class space    used 901K, capacity 938K, committed 1024K, reserved 1048576K
}
Event: 7.796 GC heap after
{Heap after GC invocations=16 (full 0):
 garbage-first heap   total 354304K, used 153475K [0x0000000081400000, 0x0000000100000000)
  region size 1024K, 2 young (2048K), 2 survivors (2048K)
 Metaspace       used 10389K, capacity 10556K, committed 10752K, reserved 1058816K
  class space    used 901K, capacity 938K, committed 1024K, reserved 1048576K
}
Event: 8.299 GC heap before
{Heap before GC invocations=16 (full 0):
 garbage-first heap   total 354304K, used 237443K [0x0000000081400000, 0x0000000100000000)
  region size 1024K, 85 young (87040K), 2 survivors (2048K)
 Metaspace       used 10389K, capacity 10556K, committed 10752K, reserved 1058816K
  class space    used 901K, capacity 938K, committed 1024K, reserved 1048576K
}
Event: 8.302 GC heap after
{Heap after GC invocations=17 (full 0):
 garbage-first heap   total 354304K, used 153475K [0x0000000081400000, 0x0000000100000000)
  region size 1024K, 2 young (2048K), 2 survivors (2048K)
 Metaspace       used 10389K, capacity 10556K, committed 10752K, reserved 1058816K
  class space    used 901K, capacity 938K, committed 1024K, reserved 1048576K
}

